nohup: ignoring input
[INFO] Scanning for projects...
[INFO] 
[INFO] --------------------< br.com.fabioprada:financeiro >--------------------
[INFO] Building financeiro 0.0.1-SNAPSHOT
[INFO]   from pom.xml
[INFO] --------------------------------[ jar ]---------------------------------
[INFO] 
[INFO] >>> spring-boot:3.5.7:run (default-cli) > test-compile @ financeiro >>>
[INFO] 
[INFO] --- resources:3.3.1:resources (default-resources) @ financeiro ---
[INFO] Copying 2 resources from src/main/resources to target/classes
[INFO] Copying 0 resource from src/main/resources to target/classes
[INFO] 
[INFO] --- compiler:3.14.1:compile (default-compile) @ financeiro ---
[INFO] Nothing to compile - all classes are up to date.
[INFO] 
[INFO] --- resources:3.3.1:testResources (default-testResources) @ financeiro ---
[INFO] skip non existing resourceDirectory /home/fabio/VsCode/sistema-financeiro-pessoal/src/test/resources
[INFO] 
[INFO] --- compiler:3.14.1:testCompile (default-testCompile) @ financeiro ---
[INFO] Nothing to compile - all classes are up to date.
[INFO] 
[INFO] <<< spring-boot:3.5.7:run (default-cli) < test-compile @ financeiro <<<
[INFO] 
[INFO] 
[INFO] --- spring-boot:3.5.7:run (default-cli) @ financeiro ---
[INFO] Attaching agents: []

  .   ____          _            __ _ _
 /\\ / ___'_ __ _ _(_)_ __  __ _ \ \ \ \
( ( )\___ | '_ | '_| | '_ \/ _` | \ \ \ \
 \\/  ___)| |_)| | | | | || (_| |  ) ) ) )
  '  |____| .__|_| |_|_| |_\__, | / / / /
 =========|_|==============|___/=/_/_/_/

 :: Spring Boot ::                (v3.5.7)

2025-11-26T07:59:56.392-03:00  INFO 36008 --- [           main] b.c.f.financial.FinancialApplication     : Starting FinancialApplication using Java 21.0.9 with PID 36008 (/home/fabio/VsCode/sistema-financeiro-pessoal/target/classes started by fabio in /home/fabio/VsCode/sistema-financeiro-pessoal)
2025-11-26T07:59:56.395-03:00  INFO 36008 --- [           main] b.c.f.financial.FinancialApplication     : The following 1 profile is active: "dev"
2025-11-26T07:59:57.552-03:00  INFO 36008 --- [           main] .s.d.r.c.RepositoryConfigurationDelegate : Bootstrapping Spring Data JPA repositories in DEFAULT mode.
2025-11-26T07:59:57.646-03:00  INFO 36008 --- [           main] .s.d.r.c.RepositoryConfigurationDelegate : Finished Spring Data repository scanning in 82 ms. Found 6 JPA repository interfaces.
2025-11-26T07:59:58.228-03:00  INFO 36008 --- [           main] o.s.b.w.embedded.tomcat.TomcatWebServer  : Tomcat initialized with port 8080 (http)
2025-11-26T07:59:58.243-03:00  INFO 36008 --- [           main] o.apache.catalina.core.StandardService   : Starting service [Tomcat]
2025-11-26T07:59:58.243-03:00  INFO 36008 --- [           main] o.apache.catalina.core.StandardEngine    : Starting Servlet engine: [Apache Tomcat/10.1.48]
2025-11-26T07:59:58.287-03:00  INFO 36008 --- [           main] o.a.c.c.C.[Tomcat].[localhost].[/]       : Initializing Spring embedded WebApplicationContext
2025-11-26T07:59:58.288-03:00  INFO 36008 --- [           main] w.s.c.ServletWebServerApplicationContext : Root WebApplicationContext: initialization completed in 1829 ms
2025-11-26T07:59:58.525-03:00  INFO 36008 --- [           main] o.hibernate.jpa.internal.util.LogHelper  : HHH000204: Processing PersistenceUnitInfo [name: default]
2025-11-26T07:59:58.569-03:00  INFO 36008 --- [           main] org.hibernate.Version                    : HHH000412: Hibernate ORM core version 6.6.33.Final
2025-11-26T07:59:58.597-03:00  INFO 36008 --- [           main] o.h.c.internal.RegionFactoryInitiator    : HHH000026: Second-level cache disabled
2025-11-26T07:59:58.809-03:00  INFO 36008 --- [           main] o.s.o.j.p.SpringPersistenceUnitInfo      : No LoadTimeWeaver setup: ignoring JPA class transformer
2025-11-26T07:59:58.832-03:00  INFO 36008 --- [           main] com.zaxxer.hikari.HikariDataSource       : HikariPool-1 - Starting...
2025-11-26T07:59:58.959-03:00  INFO 36008 --- [           main] com.zaxxer.hikari.pool.HikariPool        : HikariPool-1 - Added connection org.postgresql.jdbc.PgConnection@6d7865d6
2025-11-26T07:59:58.961-03:00  INFO 36008 --- [           main] com.zaxxer.hikari.HikariDataSource       : HikariPool-1 - Start completed.
2025-11-26T07:59:58.984-03:00  WARN 36008 --- [           main] org.hibernate.orm.deprecation            : HHH90000025: PostgreSQLDialect does not need to be specified explicitly using 'hibernate.dialect' (remove the property setting and it will be selected by default)
2025-11-26T07:59:59.000-03:00  INFO 36008 --- [           main] org.hibernate.orm.connections.pooling    : HHH10001005: Database info:
	Database JDBC URL [Connecting through datasource 'HikariDataSource (HikariPool-1)']
	Database driver: undefined/unknown
	Database version: 18.0
	Autocommit mode: undefined/unknown
	Isolation level: undefined/unknown
	Minimum pool size: undefined/unknown
	Maximum pool size: undefined/unknown
2025-11-26T07:59:59.707-03:00  INFO 36008 --- [           main] o.h.e.t.j.p.i.JtaPlatformInitiator       : HHH000489: No JTA platform available (set 'hibernate.transaction.jta.platform' to enable JTA platform integration)
2025-11-26T07:59:59.821-03:00  INFO 36008 --- [           main] j.LocalContainerEntityManagerFactoryBean : Initialized JPA EntityManagerFactory for persistence unit 'default'
2025-11-26T08:00:00.131-03:00  INFO 36008 --- [           main] r$InitializeUserDetailsManagerConfigurer : Global AuthenticationManager configured with UserDetailsService bean with name userService
2025-11-26T08:00:00.207-03:00  INFO 36008 --- [           main] o.s.d.j.r.query.QueryEnhancerFactory     : Hibernate is in classpath; If applicable, HQL parser will be used.
2025-11-26T08:00:00.701-03:00  WARN 36008 --- [           main] JpaBaseConfiguration$JpaWebConfiguration : spring.jpa.open-in-view is enabled by default. Therefore, database queries may be performed during view rendering. Explicitly configure spring.jpa.open-in-view to disable this warning
2025-11-26T08:00:00.944-03:00  INFO 36008 --- [           main] o.s.b.a.e.web.EndpointLinksResolver      : Exposing 1 endpoint beneath base path '/actuator'
2025-11-26T08:00:01.037-03:00 DEBUG 36008 --- [           main] o.s.s.web.DefaultSecurityFilterChain     : Will secure any request with filters: DisableEncodeUrlFilter, WebAsyncManagerIntegrationFilter, SecurityContextHolderFilter, HeaderWriterFilter, CorsFilter, LogoutFilter, JwtRequestFilter, RequestCacheAwareFilter, SecurityContextHolderAwareRequestFilter, AnonymousAuthenticationFilter, SessionManagementFilter, ExceptionTranslationFilter, AuthorizationFilter
2025-11-26T08:00:01.272-03:00  INFO 36008 --- [           main] o.s.b.w.embedded.tomcat.TomcatWebServer  : Tomcat started on port 8080 (http) with context path '/'
2025-11-26T08:00:01.283-03:00  INFO 36008 --- [           main] b.c.f.financial.FinancialApplication     : Started FinancialApplication in 5.447 seconds (process running for 5.825)
2025-11-26T08:00:45.601-03:00  INFO 36008 --- [nio-8080-exec-1] o.a.c.c.C.[Tomcat].[localhost].[/]       : Initializing Spring DispatcherServlet 'dispatcherServlet'
2025-11-26T08:00:45.601-03:00  INFO 36008 --- [nio-8080-exec-1] o.s.web.servlet.DispatcherServlet        : Initializing Servlet 'dispatcherServlet'
2025-11-26T08:00:45.603-03:00  INFO 36008 --- [nio-8080-exec-1] o.s.web.servlet.DispatcherServlet        : Completed initialization in 2 ms
2025-11-26T08:00:45.631-03:00 DEBUG 36008 --- [nio-8080-exec-1] o.s.security.web.FilterChainProxy        : Securing POST /api/auth/login
2025-11-26T08:00:45.650-03:00 DEBUG 36008 --- [nio-8080-exec-1] o.s.s.w.a.AnonymousAuthenticationFilter  : Set SecurityContextHolder to anonymous SecurityContext
2025-11-26T08:00:45.658-03:00 DEBUG 36008 --- [nio-8080-exec-1] o.s.security.web.FilterChainProxy        : Secured POST /api/auth/login
Hibernate: 
    select
        u1_0.id,
        u1_0.email,
        u1_0.name,
        u1_0.password 
    from
        users u1_0 
    where
        u1_0.email=?
2025-11-26T08:00:46.189-03:00 DEBUG 36008 --- [nio-8080-exec-1] o.s.s.a.dao.DaoAuthenticationProvider    : Authenticated user
2025-11-26T08:00:46.309-03:00 DEBUG 36008 --- [nio-8080-exec-2] o.s.security.web.FilterChainProxy        : Securing POST /api/categories
Hibernate: 
    select
        u1_0.id,
        u1_0.email,
        u1_0.name,
        u1_0.password 
    from
        users u1_0 
    where
        u1_0.email=?
2025-11-26T08:00:46.402-03:00 DEBUG 36008 --- [nio-8080-exec-2] o.s.security.web.FilterChainProxy        : Secured POST /api/categories
Hibernate: 
    insert 
    into
        categorias
        (name, user_id) 
    values
        (?, ?)
2025-11-26T08:00:46.540-03:00 DEBUG 36008 --- [nio-8080-exec-3] o.s.security.web.FilterChainProxy        : Securing POST /api/categories/delete-multiple
Hibernate: 
    select
        u1_0.id,
        u1_0.email,
        u1_0.name,
        u1_0.password 
    from
        users u1_0 
    where
        u1_0.email=?
2025-11-26T08:00:46.562-03:00 DEBUG 36008 --- [nio-8080-exec-3] o.s.security.web.FilterChainProxy        : Secured POST /api/categories/delete-multiple
2025-11-26T08:00:46.575-03:00  WARN 36008 --- [nio-8080-exec-3] .w.s.m.s.DefaultHandlerExceptionResolver : Resolved [org.springframework.http.converter.HttpMessageNotReadableException: JSON parse error: Unexpected character ('3' (code 51)): was expecting comma to separate Array entries]
2025-11-26T08:00:46.592-03:00 DEBUG 36008 --- [nio-8080-exec-3] o.s.security.web.FilterChainProxy        : Securing POST /error
2025-11-26T08:00:46.595-03:00 DEBUG 36008 --- [nio-8080-exec-3] o.s.s.w.a.AnonymousAuthenticationFilter  : Set SecurityContextHolder to anonymous SecurityContext
2025-11-26T08:00:46.602-03:00 DEBUG 36008 --- [nio-8080-exec-3] o.s.s.w.a.Http403ForbiddenEntryPoint     : Pre-authenticated entry point called. Rejecting access
2025-11-26T08:01:43.682-03:00 DEBUG 36008 --- [nio-8080-exec-5] o.s.security.web.FilterChainProxy        : Securing POST /api/auth/login
2025-11-26T08:01:43.684-03:00 DEBUG 36008 --- [nio-8080-exec-5] o.s.s.w.a.AnonymousAuthenticationFilter  : Set SecurityContextHolder to anonymous SecurityContext
2025-11-26T08:01:43.686-03:00 DEBUG 36008 --- [nio-8080-exec-5] o.s.security.web.FilterChainProxy        : Secured POST /api/auth/login
Hibernate: 
    select
        u1_0.id,
        u1_0.email,
        u1_0.name,
        u1_0.password 
    from
        users u1_0 
    where
        u1_0.email=?
2025-11-26T08:01:43.843-03:00 DEBUG 36008 --- [nio-8080-exec-5] o.s.s.a.dao.DaoAuthenticationProvider    : Authenticated user
2025-11-26T08:01:43.881-03:00 DEBUG 36008 --- [nio-8080-exec-6] o.s.security.web.FilterChainProxy        : Securing POST /api/categories
Hibernate: 
    select
        u1_0.id,
        u1_0.email,
        u1_0.name,
        u1_0.password 
    from
        users u1_0 
    where
        u1_0.email=?
2025-11-26T08:01:43.893-03:00 DEBUG 36008 --- [nio-8080-exec-6] o.s.security.web.FilterChainProxy        : Secured POST /api/categories
Hibernate: 
    insert 
    into
        categorias
        (name, user_id) 
    values
        (?, ?)
2025-11-26T08:01:43.961-03:00 DEBUG 36008 --- [nio-8080-exec-8] o.s.security.web.FilterChainProxy        : Securing POST /api/categories/delete-multiple
Hibernate: 
    select
        u1_0.id,
        u1_0.email,
        u1_0.name,
        u1_0.password 
    from
        users u1_0 
    where
        u1_0.email=?
2025-11-26T08:01:43.975-03:00 DEBUG 36008 --- [nio-8080-exec-8] o.s.security.web.FilterChainProxy        : Secured POST /api/categories/delete-multiple
Hibernate: 
    select
        c1_0.id,
        c1_0.name,
        c1_0.user_id 
    from
        categorias c1_0 
    left join
        users u1_0 
            on u1_0.id=c1_0.user_id 
    where
        c1_0.id=? 
        and u1_0.id=?
2025-11-26T08:03:26.795-03:00  WARN 36008 --- [l-1:housekeeper] com.zaxxer.hikari.pool.PoolBase          : HikariPool-1 - Failed to validate connection org.postgresql.jdbc.PgConnection@28bf85bc (This connection has been closed.). Possibly consider using a shorter maxLifetime value.
2025-11-26T08:03:30.622-03:00  WARN 36008 --- [l-1:housekeeper] com.zaxxer.hikari.pool.PoolBase          : HikariPool-1 - Failed to validate connection org.postgresql.jdbc.PgConnection@6fbc3927 (This connection has been closed.). Possibly consider using a shorter maxLifetime value.
2025-11-26T08:03:36.396-03:00  WARN 36008 --- [l-1:housekeeper] com.zaxxer.hikari.pool.PoolBase          : HikariPool-1 - Failed to validate connection org.postgresql.jdbc.PgConnection@3bfad309 (This connection has been closed.). Possibly consider using a shorter maxLifetime value.
2025-11-26T08:03:36.985-03:00  WARN 36008 --- [l-1:housekeeper] com.zaxxer.hikari.pool.PoolBase          : HikariPool-1 - Failed to validate connection org.postgresql.jdbc.PgConnection@2fd8a184 (This connection has been closed.). Possibly consider using a shorter maxLifetime value.
2025-11-26T08:03:49.845-03:00  WARN 36008 --- [l-1:housekeeper] com.zaxxer.hikari.pool.PoolBase          : HikariPool-1 - Failed to validate connection org.postgresql.jdbc.PgConnection@21a3c059 (This connection has been closed.). Possibly consider using a shorter maxLifetime value.
2025-11-26T08:03:54.604-03:00  WARN 36008 --- [l-1:housekeeper] com.zaxxer.hikari.pool.PoolBase          : HikariPool-1 - Failed to validate connection org.postgresql.jdbc.PgConnection@319dcff2 (This connection has been closed.). Possibly consider using a shorter maxLifetime value.
2025-11-26T08:03:57.597-03:00  WARN 36008 --- [l-1:housekeeper] com.zaxxer.hikari.pool.PoolBase          : HikariPool-1 - Failed to validate connection org.postgresql.jdbc.PgConnection@6d7865d6 (This connection has been closed.). Possibly consider using a shorter maxLifetime value.
2025-11-26T08:03:58.531-03:00  WARN 36008 --- [l-1:housekeeper] com.zaxxer.hikari.pool.PoolBase          : HikariPool-1 - Failed to validate connection org.postgresql.jdbc.PgConnection@5b238cc4 (This connection has been closed.). Possibly consider using a shorter maxLifetime value.
2025-11-26T08:04:09.096-03:00 DEBUG 36008 --- [io-8080-exec-10] o.s.security.web.FilterChainProxy        : Securing OPTIONS /api/categories
2025-11-26T08:04:09.097-03:00 DEBUG 36008 --- [nio-8080-exec-1] o.s.security.web.FilterChainProxy        : Securing OPTIONS /api/categories
2025-11-26T08:04:09.133-03:00 DEBUG 36008 --- [nio-8080-exec-2] o.s.security.web.FilterChainProxy        : Securing GET /api/categories
Hibernate: 
    select
        u1_0.id,
        u1_0.email,
        u1_0.name,
        u1_0.password 
    from
        users u1_0 
    where
        u1_0.email=?
2025-11-26T08:04:09.144-03:00  WARN 36008 --- [nio-8080-exec-2] com.zaxxer.hikari.pool.PoolBase          : HikariPool-1 - Failed to validate connection org.postgresql.jdbc.PgConnection@4001a6fa (This connection has been closed.). Possibly consider using a shorter maxLifetime value.
2025-11-26T08:04:09.146-03:00  WARN 36008 --- [nio-8080-exec-2] com.zaxxer.hikari.pool.PoolBase          : HikariPool-1 - Failed to validate connection org.postgresql.jdbc.PgConnection@1651f8e7 (This connection has been closed.). Possibly consider using a shorter maxLifetime value.
2025-11-26T08:04:09.161-03:00 DEBUG 36008 --- [nio-8080-exec-2] o.s.security.web.FilterChainProxy        : Secured GET /api/categories
Hibernate: 
    select
        c1_0.id,
        c1_0.name,
        c1_0.user_id 
    from
        categorias c1_0 
    left join
        users u1_0 
            on u1_0.id=c1_0.user_id 
    where
        u1_0.id=?
Hibernate: 
    select
        u1_0.id,
        u1_0.email,
        u1_0.name,
        u1_0.password 
    from
        users u1_0 
    where
        u1_0.id=?
2025-11-26T08:04:09.204-03:00 DEBUG 36008 --- [nio-8080-exec-3] o.s.security.web.FilterChainProxy        : Securing GET /api/categories
Hibernate: 
    select
        u1_0.id,
        u1_0.email,
        u1_0.name,
        u1_0.password 
    from
        users u1_0 
    where
        u1_0.email=?
2025-11-26T08:04:09.228-03:00 DEBUG 36008 --- [nio-8080-exec-3] o.s.security.web.FilterChainProxy        : Secured GET /api/categories
Hibernate: 
    select
        c1_0.id,
        c1_0.name,
        c1_0.user_id 
    from
        categorias c1_0 
    left join
        users u1_0 
            on u1_0.id=c1_0.user_id 
    where
        u1_0.id=?
Hibernate: 
    select
        u1_0.id,
        u1_0.email,
        u1_0.name,
        u1_0.password 
    from
        users u1_0 
    where
        u1_0.id=?
2025-11-26T08:04:09.432-03:00 DEBUG 36008 --- [nio-8080-exec-4] o.s.security.web.FilterChainProxy        : Securing OPTIONS /api/categories
2025-11-26T08:04:09.435-03:00 DEBUG 36008 --- [nio-8080-exec-5] o.s.security.web.FilterChainProxy        : Securing OPTIONS /api/accounts
2025-11-26T08:04:09.437-03:00 DEBUG 36008 --- [nio-8080-exec-7] o.s.security.web.FilterChainProxy        : Securing OPTIONS /api/categories
2025-11-26T08:04:09.437-03:00 DEBUG 36008 --- [nio-8080-exec-6] o.s.security.web.FilterChainProxy        : Securing OPTIONS /api/transactions
2025-11-26T08:04:09.441-03:00 DEBUG 36008 --- [nio-8080-exec-8] o.s.security.web.FilterChainProxy        : Securing OPTIONS /api/accounts
2025-11-26T08:04:09.442-03:00 DEBUG 36008 --- [nio-8080-exec-9] o.s.security.web.FilterChainProxy        : Securing OPTIONS /api/transactions
2025-11-26T08:04:09.459-03:00 DEBUG 36008 --- [nio-8080-exec-1] o.s.security.web.FilterChainProxy        : Securing GET /api/categories
2025-11-26T08:04:09.464-03:00 DEBUG 36008 --- [nio-8080-exec-2] o.s.security.web.FilterChainProxy        : Securing GET /api/transactions
2025-11-26T08:04:09.464-03:00 DEBUG 36008 --- [io-8080-exec-10] o.s.security.web.FilterChainProxy        : Securing GET /api/accounts
Hibernate: 
    select
        u1_0.id,
        u1_0.email,
        u1_0.name,
        u1_0.password 
    from
        users u1_0 
    where
        u1_0.email=?
Hibernate: 
    select
        u1_0.id,
        u1_0.email,
        u1_0.name,
        u1_0.password 
    from
        users u1_0 
    where
        u1_0.email=?
Hibernate: 
    select
        u1_0.id,
        u1_0.email,
        u1_0.name,
        u1_0.password 
    from
        users u1_0 
    where
        u1_0.email=?
2025-11-26T08:04:09.477-03:00 DEBUG 36008 --- [nio-8080-exec-1] o.s.security.web.FilterChainProxy        : Secured GET /api/categories
2025-11-26T08:04:09.479-03:00 DEBUG 36008 --- [nio-8080-exec-2] o.s.security.web.FilterChainProxy        : Secured GET /api/transactions
Hibernate: 
    select
        c1_0.id,
        c1_0.name,
        c1_0.user_id 
    from
        categorias c1_0 
    left join
        users u1_0 
            on u1_0.id=c1_0.user_id 
    where
        u1_0.id=?
2025-11-26T08:04:09.481-03:00 DEBUG 36008 --- [io-8080-exec-10] o.s.security.web.FilterChainProxy        : Secured GET /api/accounts
Hibernate: 
    select
        a1_0.id,
        a1_0.initial_balance + (SELECT
            COALESCE(SUM(t.amount), 0) 
        FROM
            transacoes t 
        WHERE
            t.conta_entrada_id = a1_0.id) - (SELECT
            COALESCE(SUM(t.amount), 0) 
        FROM
            transacoes t 
        WHERE
            t.conta_saida_id = a1_0.id),
        a1_0.initial_balance,
        a1_0.name,
        a1_0.user_id 
    from
        contas a1_0 
    left join
        users u1_0 
            on u1_0.id=a1_0.user_id 
    where
        u1_0.id=?
Hibernate: 
    select
        u1_0.id,
        u1_0.email,
        u1_0.name,
        u1_0.password 
    from
        users u1_0 
    where
        u1_0.id=?
2025-11-26T08:04:09.493-03:00 DEBUG 36008 --- [nio-8080-exec-3] o.s.security.web.FilterChainProxy        : Securing GET /api/categories
Hibernate: 
    select
        u1_0.id,
        u1_0.email,
        u1_0.name,
        u1_0.password 
    from
        users u1_0 
    where
        u1_0.id=?
Hibernate: 
    select
        t1_0.id,
        t1_0.amount,
        t1_0.categoria_id,
        t1_0.creation_date,
        t1_0.conta_entrada_id,
        t1_0.installment_number,
        t1_0.name,
        t1_0.conta_saida_id,
        t1_0.total_installments,
        t1_0.transaction_type,
        t1_0.user_id 
    from
        transacoes t1_0 
    where
        t1_0.user_id=?
Hibernate: 
    select
        u1_0.id,
        u1_0.email,
        u1_0.name,
        u1_0.password 
    from
        users u1_0 
    where
        u1_0.email=?
2025-11-26T08:04:09.506-03:00 DEBUG 36008 --- [nio-8080-exec-4] o.s.security.web.FilterChainProxy        : Securing GET /api/accounts
2025-11-26T08:04:09.507-03:00 DEBUG 36008 --- [nio-8080-exec-3] o.s.security.web.FilterChainProxy        : Secured GET /api/categories
Hibernate: 
    select
        c1_0.id,
        c1_0.name,
        c1_0.user_id 
    from
        categorias c1_0 
    left join
        users u1_0 
            on u1_0.id=c1_0.user_id 
    where
        u1_0.id=?
Hibernate: 
    select
        u1_0.id,
        u1_0.email,
        u1_0.name,
        u1_0.password 
    from
        users u1_0 
    where
        u1_0.email=?
2025-11-26T08:04:09.514-03:00 DEBUG 36008 --- [nio-8080-exec-5] o.s.security.web.FilterChainProxy        : Securing GET /api/transactions
Hibernate: 
    select
        u1_0.id,
        u1_0.email,
        u1_0.name,
        u1_0.password 
    from
        users u1_0 
    where
        u1_0.id=?
Hibernate: 
    select
        u1_0.id,
        u1_0.email,
        u1_0.name,
        u1_0.password 
    from
        users u1_0 
    where
        u1_0.email=?
2025-11-26T08:04:09.521-03:00 DEBUG 36008 --- [nio-8080-exec-4] o.s.security.web.FilterChainProxy        : Secured GET /api/accounts
Hibernate: 
    select
        a1_0.id,
        a1_0.initial_balance + (SELECT
            COALESCE(SUM(t.amount), 0) 
        FROM
            transacoes t 
        WHERE
            t.conta_entrada_id = a1_0.id) - (SELECT
            COALESCE(SUM(t.amount), 0) 
        FROM
            transacoes t 
        WHERE
            t.conta_saida_id = a1_0.id),
        a1_0.initial_balance,
        a1_0.name,
        a1_0.user_id 
    from
        contas a1_0 
    left join
        users u1_0 
            on u1_0.id=a1_0.user_id 
    where
        u1_0.id=?
2025-11-26T08:04:09.530-03:00 DEBUG 36008 --- [nio-8080-exec-5] o.s.security.web.FilterChainProxy        : Secured GET /api/transactions
Hibernate: 
    select
        u1_0.id,
        u1_0.email,
        u1_0.name,
        u1_0.password 
    from
        users u1_0 
    where
        u1_0.id=?
Hibernate: 
    select
        t1_0.id,
        t1_0.amount,
        t1_0.categoria_id,
        t1_0.creation_date,
        t1_0.conta_entrada_id,
        t1_0.installment_number,
        t1_0.name,
        t1_0.conta_saida_id,
        t1_0.total_installments,
        t1_0.transaction_type,
        t1_0.user_id 
    from
        transacoes t1_0 
    where
        t1_0.user_id=?
2025-11-26T08:04:12.723-03:00 DEBUG 36008 --- [nio-8080-exec-6] o.s.security.web.FilterChainProxy        : Securing GET /api/accounts
2025-11-26T08:04:12.723-03:00 DEBUG 36008 --- [nio-8080-exec-7] o.s.security.web.FilterChainProxy        : Securing GET /api/categories
2025-11-26T08:04:12.725-03:00 DEBUG 36008 --- [nio-8080-exec-9] o.s.security.web.FilterChainProxy        : Securing GET /api/transactions
Hibernate: 
    select
        u1_0.id,
        u1_0.email,
        u1_0.name,
        u1_0.password 
    from
        users u1_0 
    where
        u1_0.email=?
Hibernate: 
    select
        u1_0.id,
        u1_0.email,
        u1_0.name,
        u1_0.password 
    from
        users u1_0 
    where
        u1_0.email=?
Hibernate: 
    select
        u1_0.id,
        u1_0.email,
        u1_0.name,
        u1_0.password 
    from
        users u1_0 
    where
        u1_0.email=?
2025-11-26T08:04:12.739-03:00 DEBUG 36008 --- [nio-8080-exec-7] o.s.security.web.FilterChainProxy        : Secured GET /api/categories
2025-11-26T08:04:12.739-03:00 DEBUG 36008 --- [nio-8080-exec-6] o.s.security.web.FilterChainProxy        : Secured GET /api/accounts
2025-11-26T08:04:12.741-03:00 DEBUG 36008 --- [nio-8080-exec-9] o.s.security.web.FilterChainProxy        : Secured GET /api/transactions
Hibernate: 
    select
        c1_0.id,
        c1_0.name,
        c1_0.user_id 
    from
        categorias c1_0 
    left join
        users u1_0 
            on u1_0.id=c1_0.user_id 
    where
        u1_0.id=?
Hibernate: 
    select
        a1_0.id,
        a1_0.initial_balance + (SELECT
            COALESCE(SUM(t.amount), 0) 
        FROM
            transacoes t 
        WHERE
            t.conta_entrada_id = a1_0.id) - (SELECT
            COALESCE(SUM(t.amount), 0) 
        FROM
            transacoes t 
        WHERE
            t.conta_saida_id = a1_0.id),
        a1_0.initial_balance,
        a1_0.name,
        a1_0.user_id 
    from
        contas a1_0 
    left join
        users u1_0 
            on u1_0.id=a1_0.user_id 
    where
        u1_0.id=?
Hibernate: 
    select
        t1_0.id,
        t1_0.amount,
        t1_0.categoria_id,
        t1_0.creation_date,
        t1_0.conta_entrada_id,
        t1_0.installment_number,
        t1_0.name,
        t1_0.conta_saida_id,
        t1_0.total_installments,
        t1_0.transaction_type,
        t1_0.user_id 
    from
        transacoes t1_0 
    where
        t1_0.user_id=?
Hibernate: 
    select
        u1_0.id,
        u1_0.email,
        u1_0.name,
        u1_0.password 
    from
        users u1_0 
    where
        u1_0.id=?
Hibernate: 
    select
        u1_0.id,
        u1_0.email,
        u1_0.name,
        u1_0.password 
    from
        users u1_0 
    where
        u1_0.id=?
2025-11-26T08:04:12.755-03:00 DEBUG 36008 --- [nio-8080-exec-8] o.s.security.web.FilterChainProxy        : Securing GET /api/transactions
2025-11-26T08:04:12.759-03:00 DEBUG 36008 --- [nio-8080-exec-1] o.s.security.web.FilterChainProxy        : Securing GET /api/categories
2025-11-26T08:04:12.759-03:00 DEBUG 36008 --- [io-8080-exec-10] o.s.security.web.FilterChainProxy        : Securing GET /api/accounts
Hibernate: 
    select
        u1_0.id,
        u1_0.email,
        u1_0.name,
        u1_0.password 
    from
        users u1_0 
    where
        u1_0.email=?
Hibernate: 
    select
        u1_0.id,
        u1_0.email,
        u1_0.name,
        u1_0.password 
    from
        users u1_0 
    where
        u1_0.email=?
Hibernate: 
    select
        u1_0.id,
        u1_0.email,
        u1_0.name,
        u1_0.password 
    from
        users u1_0 
    where
        u1_0.email=?
2025-11-26T08:04:12.768-03:00 DEBUG 36008 --- [nio-8080-exec-8] o.s.security.web.FilterChainProxy        : Secured GET /api/transactions
2025-11-26T08:04:12.769-03:00 DEBUG 36008 --- [nio-8080-exec-1] o.s.security.web.FilterChainProxy        : Secured GET /api/categories
Hibernate: 
    select
        t1_0.id,
        t1_0.amount,
        t1_0.categoria_id,
        t1_0.creation_date,
        t1_0.conta_entrada_id,
        t1_0.installment_number,
        t1_0.name,
        t1_0.conta_saida_id,
        t1_0.total_installments,
        t1_0.transaction_type,
        t1_0.user_id 
    from
        transacoes t1_0 
    where
        t1_0.user_id=?
2025-11-26T08:04:12.772-03:00 DEBUG 36008 --- [io-8080-exec-10] o.s.security.web.FilterChainProxy        : Secured GET /api/accounts
Hibernate: 
    select
        c1_0.id,
        c1_0.name,
        c1_0.user_id 
    from
        categorias c1_0 
    left join
        users u1_0 
            on u1_0.id=c1_0.user_id 
    where
        u1_0.id=?
Hibernate: 
    select
        a1_0.id,
        a1_0.initial_balance + (SELECT
            COALESCE(SUM(t.amount), 0) 
        FROM
            transacoes t 
        WHERE
            t.conta_entrada_id = a1_0.id) - (SELECT
            COALESCE(SUM(t.amount), 0) 
        FROM
            transacoes t 
        WHERE
            t.conta_saida_id = a1_0.id),
        a1_0.initial_balance,
        a1_0.name,
        a1_0.user_id 
    from
        contas a1_0 
    left join
        users u1_0 
            on u1_0.id=a1_0.user_id 
    where
        u1_0.id=?
Hibernate: 
    select
        u1_0.id,
        u1_0.email,
        u1_0.name,
        u1_0.password 
    from
        users u1_0 
    where
        u1_0.id=?
Hibernate: 
    select
        u1_0.id,
        u1_0.email,
        u1_0.name,
        u1_0.password 
    from
        users u1_0 
    where
        u1_0.id=?
2025-11-26T08:04:14.804-03:00 DEBUG 36008 --- [nio-8080-exec-2] o.s.security.web.FilterChainProxy        : Securing OPTIONS /api/monthly-planning
2025-11-26T08:04:14.804-03:00 DEBUG 36008 --- [nio-8080-exec-3] o.s.security.web.FilterChainProxy        : Securing OPTIONS /api/monthly-planning
2025-11-26T08:04:14.814-03:00 DEBUG 36008 --- [nio-8080-exec-4] o.s.security.web.FilterChainProxy        : Securing GET /api/monthly-planning
Hibernate: 
    select
        u1_0.id,
        u1_0.email,
        u1_0.name,
        u1_0.password 
    from
        users u1_0 
    where
        u1_0.email=?
2025-11-26T08:04:14.825-03:00 DEBUG 36008 --- [nio-8080-exec-4] o.s.security.web.FilterChainProxy        : Secured GET /api/monthly-planning
Hibernate: 
    select
        mp1_0.id,
        mp1_0.category_id,
        mp1_0.estimated_amount,
        mp1_0.month,
        mp1_0.user_id,
        mp1_0.year 
    from
        monthly_planning mp1_0 
    left join
        users u1_0 
            on u1_0.id=mp1_0.user_id 
    where
        u1_0.id=?
Hibernate: 
    select
        c1_0.id,
        c1_0.name,
        c1_0.user_id 
    from
        categorias c1_0 
    where
        c1_0.id=?
Hibernate: 
    select
        c1_0.id,
        c1_0.name,
        c1_0.user_id 
    from
        categorias c1_0 
    where
        c1_0.id=?
Hibernate: 
    select
        sum(t1_0.amount) 
    from
        transacoes t1_0 
    where
        t1_0.categoria_id=? 
        and extract(year from t1_0.creation_date)=? 
        and extract(month from t1_0.creation_date)=? 
        and t1_0.user_id=? 
        and t1_0.transaction_type='SAIDA'
Hibernate: 
    select
        sum(t1_0.amount) 
    from
        transacoes t1_0 
    where
        t1_0.categoria_id=? 
        and extract(year from t1_0.creation_date)=? 
        and extract(month from t1_0.creation_date)=? 
        and t1_0.user_id=? 
        and t1_0.transaction_type='SAIDA'
Hibernate: 
    select
        sum(t1_0.amount) 
    from
        transacoes t1_0 
    where
        t1_0.categoria_id=? 
        and extract(year from t1_0.creation_date)=? 
        and extract(month from t1_0.creation_date)=? 
        and t1_0.user_id=? 
        and t1_0.transaction_type='SAIDA'
Hibernate: 
    select
        u1_0.id,
        u1_0.email,
        u1_0.name,
        u1_0.password 
    from
        users u1_0 
    where
        u1_0.id=?
2025-11-26T08:04:14.885-03:00 DEBUG 36008 --- [nio-8080-exec-5] o.s.security.web.FilterChainProxy        : Securing GET /api/monthly-planning
Hibernate: 
    select
        u1_0.id,
        u1_0.email,
        u1_0.name,
        u1_0.password 
    from
        users u1_0 
    where
        u1_0.email=?
2025-11-26T08:04:14.895-03:00 DEBUG 36008 --- [nio-8080-exec-5] o.s.security.web.FilterChainProxy        : Secured GET /api/monthly-planning
Hibernate: 
    select
        mp1_0.id,
        mp1_0.category_id,
        mp1_0.estimated_amount,
        mp1_0.month,
        mp1_0.user_id,
        mp1_0.year 
    from
        monthly_planning mp1_0 
    left join
        users u1_0 
            on u1_0.id=mp1_0.user_id 
    where
        u1_0.id=?
Hibernate: 
    select
        c1_0.id,
        c1_0.name,
        c1_0.user_id 
    from
        categorias c1_0 
    where
        c1_0.id=?
Hibernate: 
    select
        c1_0.id,
        c1_0.name,
        c1_0.user_id 
    from
        categorias c1_0 
    where
        c1_0.id=?
Hibernate: 
    select
        sum(t1_0.amount) 
    from
        transacoes t1_0 
    where
        t1_0.categoria_id=? 
        and extract(year from t1_0.creation_date)=? 
        and extract(month from t1_0.creation_date)=? 
        and t1_0.user_id=? 
        and t1_0.transaction_type='SAIDA'
Hibernate: 
    select
        sum(t1_0.amount) 
    from
        transacoes t1_0 
    where
        t1_0.categoria_id=? 
        and extract(year from t1_0.creation_date)=? 
        and extract(month from t1_0.creation_date)=? 
        and t1_0.user_id=? 
        and t1_0.transaction_type='SAIDA'
Hibernate: 
    select
        sum(t1_0.amount) 
    from
        transacoes t1_0 
    where
        t1_0.categoria_id=? 
        and extract(year from t1_0.creation_date)=? 
        and extract(month from t1_0.creation_date)=? 
        and t1_0.user_id=? 
        and t1_0.transaction_type='SAIDA'
Hibernate: 
    select
        u1_0.id,
        u1_0.email,
        u1_0.name,
        u1_0.password 
    from
        users u1_0 
    where
        u1_0.id=?
2025-11-26T08:04:19.838-03:00 DEBUG 36008 --- [nio-8080-exec-9] o.s.security.web.FilterChainProxy        : Securing OPTIONS /api/monthly-planning/delete-multiple
2025-11-26T08:04:19.845-03:00 DEBUG 36008 --- [nio-8080-exec-7] o.s.security.web.FilterChainProxy        : Securing POST /api/monthly-planning/delete-multiple
Hibernate: 
    select
        u1_0.id,
        u1_0.email,
        u1_0.name,
        u1_0.password 
    from
        users u1_0 
    where
        u1_0.email=?
2025-11-26T08:04:19.856-03:00 DEBUG 36008 --- [nio-8080-exec-7] o.s.security.web.FilterChainProxy        : Secured POST /api/monthly-planning/delete-multiple
Hibernate: 
    select
        mp1_0.id,
        mp1_0.category_id,
        mp1_0.estimated_amount,
        mp1_0.month,
        mp1_0.user_id,
        mp1_0.year 
    from
        monthly_planning mp1_0 
    left join
        users u1_0 
            on u1_0.id=mp1_0.user_id 
    where
        mp1_0.id=? 
        and u1_0.id=?
Hibernate: 
    select
        c1_0.id,
        c1_0.name,
        c1_0.user_id 
    from
        categorias c1_0 
    where
        c1_0.id=?
Hibernate: 
    delete 
    from
        monthly_planning 
    where
        id=?
Hibernate: 
    select
        mp1_0.id,
        mp1_0.category_id,
        mp1_0.estimated_amount,
        mp1_0.month,
        mp1_0.user_id,
        mp1_0.year 
    from
        monthly_planning mp1_0 
    left join
        users u1_0 
            on u1_0.id=mp1_0.user_id 
    where
        mp1_0.id=? 
        and u1_0.id=?
Hibernate: 
    select
        c1_0.id,
        c1_0.name,
        c1_0.user_id 
    from
        categorias c1_0 
    where
        c1_0.id=?
Hibernate: 
    delete 
    from
        monthly_planning 
    where
        id=?
Hibernate: 
    select
        mp1_0.id,
        mp1_0.category_id,
        mp1_0.estimated_amount,
        mp1_0.month,
        mp1_0.user_id,
        mp1_0.year 
    from
        monthly_planning mp1_0 
    left join
        users u1_0 
            on u1_0.id=mp1_0.user_id 
    where
        mp1_0.id=? 
        and u1_0.id=?
Hibernate: 
    delete 
    from
        monthly_planning 
    where
        id=?
2025-11-26T08:04:26.554-03:00  INFO 36008 --- [ionShutdownHook] o.s.b.w.e.tomcat.GracefulShutdown        : Commencing graceful shutdown. Waiting for active requests to complete
2025-11-26T08:04:26.564-03:00  INFO 36008 --- [tomcat-shutdown] o.s.b.w.e.tomcat.GracefulShutdown        : Graceful shutdown complete
2025-11-26T08:04:26.578-03:00  INFO 36008 --- [ionShutdownHook] j.LocalContainerEntityManagerFactoryBean : Closing JPA EntityManagerFactory for persistence unit 'default'
2025-11-26T08:04:26.589-03:00  INFO 36008 --- [ionShutdownHook] com.zaxxer.hikari.HikariDataSource       : HikariPool-1 - Shutdown initiated...
2025-11-26T08:04:26.594-03:00  INFO 36008 --- [ionShutdownHook] com.zaxxer.hikari.HikariDataSource       : HikariPool-1 - Shutdown completed.
